  [1m[35m (99.7ms)[0m  [1m[35mCREATE DATABASE "NinetyNineCats_development" ENCODING = 'unicode'[0m
  ↳ bin/rails:9
  [1m[35m (113.1ms)[0m  [1m[35mCREATE DATABASE "NinetyNineCats_test" ENCODING = 'unicode'[0m
  ↳ bin/rails:9
  [1m[35m (38.2ms)[0m  [1m[35mCREATE TABLE "schema_migrations" ("version" character varying NOT NULL PRIMARY KEY)[0m
  ↳ bin/rails:9
  [1m[35m (7.3ms)[0m  [1m[35mCREATE TABLE "ar_internal_metadata" ("key" character varying NOT NULL PRIMARY KEY, "value" character varying, "created_at" timestamp NOT NULL, "updated_at" timestamp NOT NULL)[0m
  ↳ bin/rails:9
  [1m[35m (0.7ms)[0m  [1m[34mSELECT pg_try_advisory_lock(4867400193759934845)[0m
  ↳ bin/rails:9
  [1m[35m (3.2ms)[0m  [1m[34mSELECT "schema_migrations"."version" FROM "schema_migrations" ORDER BY "schema_migrations"."version" ASC[0m
  ↳ bin/rails:9
Migrating to CreateCats (20201012183716)
  [1m[35m (0.7ms)[0m  [1m[35mBEGIN[0m
  ↳ bin/rails:9
  [1m[35m (11.1ms)[0m  [1m[35mCREATE TABLE "cats" ("id" bigserial primary key, "birth_date" date NOT NULL, "color" character varying NOT NULL, "name" character varying NOT NULL, "sex" character varying NOT NULL, "description" character varying NOT NULL, "created_at" timestamp NOT NULL, "updated_at" timestamp NOT NULL)[0m
  ↳ db/migrate/20201012183716_create_cats.rb:3
  [1m[36mActiveRecord::SchemaMigration Create (1.0ms)[0m  [1m[32mINSERT INTO "schema_migrations" ("version") VALUES ($1) RETURNING "version"[0m  [["version", "20201012183716"]]
  ↳ bin/rails:9
  [1m[35m (0.4ms)[0m  [1m[35mCOMMIT[0m
  ↳ bin/rails:9
  [1m[36mActiveRecord::InternalMetadata Load (0.6ms)[0m  [1m[34mSELECT  "ar_internal_metadata".* FROM "ar_internal_metadata" WHERE "ar_internal_metadata"."key" = $1 LIMIT $2[0m  [["key", "environment"], ["LIMIT", 1]]
  ↳ bin/rails:9
  [1m[35m (0.5ms)[0m  [1m[35mBEGIN[0m
  ↳ bin/rails:9
  [1m[36mActiveRecord::InternalMetadata Create (1.0ms)[0m  [1m[32mINSERT INTO "ar_internal_metadata" ("key", "value", "created_at", "updated_at") VALUES ($1, $2, $3, $4) RETURNING "key"[0m  [["key", "environment"], ["value", "development"], ["created_at", "2020-10-12 18:38:24.854252"], ["updated_at", "2020-10-12 18:38:24.854252"]]
  ↳ bin/rails:9
  [1m[35m (0.6ms)[0m  [1m[35mCOMMIT[0m
  ↳ bin/rails:9
  [1m[35m (0.8ms)[0m  [1m[34mSELECT pg_advisory_unlock(4867400193759934845)[0m
  ↳ bin/rails:9
  [1m[35m (0.6ms)[0m  [1m[34mSELECT "schema_migrations"."version" FROM "schema_migrations" ORDER BY "schema_migrations"."version" ASC[0m
  ↳ bin/rails:9
  [1m[35m (0.5ms)[0m  [1m[34mSELECT "schema_migrations"."version" FROM "schema_migrations" ORDER BY "schema_migrations"."version" ASC[0m
  ↳ bin/rails:9
  [1m[35m (0.8ms)[0m  [1m[35mBEGIN[0m
  [1m[35m (0.5ms)[0m  [1m[31mROLLBACK[0m
  [1m[35m (0.2ms)[0m  [1m[35mBEGIN[0m
  [1m[36mCat Create (3.4ms)[0m  [1m[32mINSERT INTO "cats" ("birth_date", "color", "name", "sex", "description", "created_at", "updated_at") VALUES ($1, $2, $3, $4, $5, $6, $7) RETURNING "id"[0m  [["birth_date", "1992-01-21"], ["color", "red"], ["name", "Aaron"], ["sex", "M"], ["description", ";adlkfj"], ["created_at", "2020-10-12 18:53:11.962725"], ["updated_at", "2020-10-12 18:53:11.962725"]]
  [1m[35m (1.6ms)[0m  [1m[35mCOMMIT[0m
  [1m[36mCat Load (0.4ms)[0m  [1m[34mSELECT  "cats".* FROM "cats" ORDER BY "cats"."id" ASC LIMIT $1[0m  [["LIMIT", 1]]
  [1m[35m (0.2ms)[0m  [1m[35mBEGIN[0m
  [1m[36mCat Destroy (0.8ms)[0m  [1m[31mDELETE FROM "cats" WHERE "cats"."id" = $1[0m  [["id", 1]]
  [1m[35m (0.5ms)[0m  [1m[35mCOMMIT[0m
  [1m[36mCat Load (1.2ms)[0m  [1m[34mSELECT "cats".* FROM "cats"[0m
  [1m[35m (0.3ms)[0m  [1m[34mSELECT pg_try_advisory_lock(4867400193759934845)[0m
  ↳ bin/rails:9
  [1m[35m (1.3ms)[0m  [1m[34mSELECT "schema_migrations"."version" FROM "schema_migrations" ORDER BY "schema_migrations"."version" ASC[0m
  ↳ bin/rails:9
Migrating to AddCharLimitToCatSex (20201012185717)
  [1m[35m (0.2ms)[0m  [1m[35mBEGIN[0m
  ↳ bin/rails:9
  [1m[35m (11.9ms)[0m  [1m[35mALTER TABLE "cats" ALTER COLUMN "sex" TYPE character varying(1)[0m
  ↳ db/migrate/20201012185717_add_char_limit_to_cat_sex.rb:3
  [1m[36mActiveRecord::SchemaMigration Create (1.5ms)[0m  [1m[32mINSERT INTO "schema_migrations" ("version") VALUES ($1) RETURNING "version"[0m  [["version", "20201012185717"]]
  ↳ bin/rails:9
  [1m[35m (2.7ms)[0m  [1m[35mCOMMIT[0m
  ↳ bin/rails:9
  [1m[36mActiveRecord::InternalMetadata Load (0.6ms)[0m  [1m[34mSELECT  "ar_internal_metadata".* FROM "ar_internal_metadata" WHERE "ar_internal_metadata"."key" = $1 LIMIT $2[0m  [["key", "environment"], ["LIMIT", 1]]
  ↳ bin/rails:9
  [1m[35m (0.2ms)[0m  [1m[35mBEGIN[0m
  ↳ bin/rails:9
  [1m[35m (0.3ms)[0m  [1m[35mCOMMIT[0m
  ↳ bin/rails:9
  [1m[35m (0.5ms)[0m  [1m[34mSELECT pg_advisory_unlock(4867400193759934845)[0m
  ↳ bin/rails:9
  [1m[35m (0.4ms)[0m  [1m[34mSELECT "schema_migrations"."version" FROM "schema_migrations" ORDER BY "schema_migrations"."version" ASC[0m
  ↳ bin/rails:9
  [1m[35m (0.4ms)[0m  [1m[34mSELECT "schema_migrations"."version" FROM "schema_migrations" ORDER BY "schema_migrations"."version" ASC[0m
  ↳ bin/rails:9
  [1m[35m (0.5ms)[0m  [1m[34mSELECT pg_try_advisory_lock(4867400193759934845)[0m
  ↳ bin/rails:9
  [1m[35m (1.0ms)[0m  [1m[34mSELECT "schema_migrations"."version" FROM "schema_migrations" ORDER BY "schema_migrations"."version" ASC[0m
  ↳ bin/rails:9
Migrating to ChangeCatDescriptionTypeToText (20201012185820)
  [1m[35m (0.2ms)[0m  [1m[35mBEGIN[0m
  ↳ bin/rails:9
  [1m[35m (1.0ms)[0m  [1m[35mALTER TABLE "cats" ALTER COLUMN "description" TYPE text[0m
  ↳ db/migrate/20201012185820_change_cat_description_type_to_text.rb:3
  [1m[36mActiveRecord::SchemaMigration Create (0.5ms)[0m  [1m[32mINSERT INTO "schema_migrations" ("version") VALUES ($1) RETURNING "version"[0m  [["version", "20201012185820"]]
  ↳ bin/rails:9
  [1m[35m (0.5ms)[0m  [1m[35mCOMMIT[0m
  ↳ bin/rails:9
  [1m[36mActiveRecord::InternalMetadata Load (0.5ms)[0m  [1m[34mSELECT  "ar_internal_metadata".* FROM "ar_internal_metadata" WHERE "ar_internal_metadata"."key" = $1 LIMIT $2[0m  [["key", "environment"], ["LIMIT", 1]]
  ↳ bin/rails:9
  [1m[35m (0.1ms)[0m  [1m[35mBEGIN[0m
  ↳ bin/rails:9
  [1m[35m (0.1ms)[0m  [1m[35mCOMMIT[0m
  ↳ bin/rails:9
  [1m[35m (0.2ms)[0m  [1m[34mSELECT pg_advisory_unlock(4867400193759934845)[0m
  ↳ bin/rails:9
  [1m[35m (0.4ms)[0m  [1m[34mSELECT "schema_migrations"."version" FROM "schema_migrations" ORDER BY "schema_migrations"."version" ASC[0m
  ↳ bin/rails:9
  [1m[35m (0.2ms)[0m  [1m[34mSELECT "schema_migrations"."version" FROM "schema_migrations" ORDER BY "schema_migrations"."version" ASC[0m
  ↳ bin/rails:9
Started GET "/" for ::1 at 2020-10-12 12:05:05 -0700
  [1m[35m (1.0ms)[0m  [1m[34mSELECT "schema_migrations"."version" FROM "schema_migrations" ORDER BY "schema_migrations"."version" ASC[0m
  ↳ /Users/aaronparisi/.rbenv/versions/2.7.0/lib/ruby/gems/2.7.0/gems/activerecord-5.2.4.4/lib/active_record/log_subscriber.rb:98
Processing by Rails::WelcomeController#index as HTML
  Rendering /Users/aaronparisi/.rbenv/versions/2.7.0/lib/ruby/gems/2.7.0/gems/railties-5.2.4.4/lib/rails/templates/rails/welcome/index.html.erb
  Rendered /Users/aaronparisi/.rbenv/versions/2.7.0/lib/ruby/gems/2.7.0/gems/railties-5.2.4.4/lib/rails/templates/rails/welcome/index.html.erb (7.8ms)
Completed 200 OK in 21ms (Views: 13.9ms | ActiveRecord: 0.0ms)


Started GET "/" for ::1 at 2020-10-12 12:05:59 -0700
  [1m[35m (1.1ms)[0m  [1m[34mSELECT "schema_migrations"."version" FROM "schema_migrations" ORDER BY "schema_migrations"."version" ASC[0m
  ↳ /Users/aaronparisi/.rbenv/versions/2.7.0/lib/ruby/gems/2.7.0/gems/activerecord-5.2.4.4/lib/active_record/log_subscriber.rb:98
Processing by CatsController#index as HTML
  Rendering cats/index.html.erb within layouts/application
  Rendered cats/index.html.erb within layouts/application (2.2ms)
Completed 500 Internal Server Error in 16ms (ActiveRecord: 0.0ms)



SyntaxError - syntax error, unexpected `end', expecting ')'
'.freeze;   end 
            ^~~
/Users/aaronparisi/Desktop/CS/AppAcademy2020/Homeworks_aA/Rails/99CatsProject/NinetyNineCats/app/views/cats/index.html.erb:11: syntax error, unexpected `ensure', expecting ')'
          ensure
          ^~~~~~
/Users/aaronparisi/Desktop/CS/AppAcademy2020/Homeworks_aA/Rails/99CatsProject/NinetyNineCats/app/views/cats/index.html.erb:13: syntax error, unexpected `end', expecting ')'
          end
          ^~~:
  app/views/cats/index.html.erb:6:in `'

Started POST "/__better_errors/3a64cfc9cda2cfcf/variables" for ::1 at 2020-10-12 12:06:00 -0700
Started GET "/" for ::1 at 2020-10-12 12:06:40 -0700
Processing by CatsController#index as HTML
  Rendering cats/index.html.erb within layouts/application
  [1m[36mCat Load (2.1ms)[0m  [1m[34mSELECT "cats".* FROM "cats"[0m
  ↳ app/views/cats/index.html.erb:4
  Rendered cats/index.html.erb within layouts/application (24.8ms)
Completed 200 OK in 723ms (Views: 714.8ms | ActiveRecord: 6.6ms)


  [1m[35m (0.2ms)[0m  [1m[35mBEGIN[0m
  [1m[36mCat Create (1.5ms)[0m  [1m[32mINSERT INTO "cats" ("birth_date", "color", "name", "sex", "description", "created_at", "updated_at") VALUES ($1, $2, $3, $4, $5, $6, $7) RETURNING "id"[0m  [["birth_date", "1992-01-21"], ["color", "brown"], ["name", "Dog"], ["sex", "M"], ["description", "a cat"], ["created_at", "2020-10-12 19:07:49.390911"], ["updated_at", "2020-10-12 19:07:49.390911"]]
  [1m[35m (0.4ms)[0m  [1m[35mCOMMIT[0m
Started GET "/" for ::1 at 2020-10-12 12:07:52 -0700
Processing by CatsController#index as HTML
  Rendering cats/index.html.erb within layouts/application
  [1m[36mCat Load (1.6ms)[0m  [1m[34mSELECT "cats".* FROM "cats"[0m
  ↳ app/views/cats/index.html.erb:4
  Rendered cats/index.html.erb within layouts/application (23.8ms)
Completed 200 OK in 41ms (Views: 32.3ms | ActiveRecord: 7.0ms)


Started GET "/cats/2" for ::1 at 2020-10-12 12:07:54 -0700
Processing by CatsController#show as HTML
  Parameters: {"id"=>"2"}
  [1m[36mCat Load (0.7ms)[0m  [1m[34mSELECT  "cats".* FROM "cats" WHERE "cats"."id" = $1 LIMIT $2[0m  [["id", 2], ["LIMIT", 1]]
  ↳ app/controllers/cats_controller.rb:7
  Rendering cats/show.html.erb within layouts/application
  Rendered cats/show.html.erb within layouts/application (9.9ms)
Completed 200 OK in 101ms (Views: 88.0ms | ActiveRecord: 1.2ms)


Started GET "/cats/2" for ::1 at 2020-10-12 12:08:15 -0700
Processing by CatsController#show as HTML
  Parameters: {"id"=>"2"}
  [1m[36mCat Load (0.4ms)[0m  [1m[34mSELECT  "cats".* FROM "cats" WHERE "cats"."id" = $1 LIMIT $2[0m  [["id", 2], ["LIMIT", 1]]
  ↳ app/controllers/cats_controller.rb:7
  Rendering cats/show.html.erb within layouts/application
  Rendered cats/show.html.erb within layouts/application (1.9ms)
Completed 200 OK in 32ms (Views: 28.9ms | ActiveRecord: 0.4ms)


Started GET "/cats" for ::1 at 2020-10-12 12:08:16 -0700
Processing by CatsController#index as HTML
  Rendering cats/index.html.erb within layouts/application
  [1m[36mCat Load (4.5ms)[0m  [1m[34mSELECT "cats".* FROM "cats"[0m
  ↳ app/views/cats/index.html.erb:4
  Rendered cats/index.html.erb within layouts/application (7.6ms)
Completed 200 OK in 45ms (Views: 38.2ms | ActiveRecord: 4.5ms)


Started GET "/cats/2" for ::1 at 2020-10-12 12:08:17 -0700
Processing by CatsController#show as HTML
  Parameters: {"id"=>"2"}
  [1m[36mCat Load (3.0ms)[0m  [1m[34mSELECT  "cats".* FROM "cats" WHERE "cats"."id" = $1 LIMIT $2[0m  [["id", 2], ["LIMIT", 1]]
  ↳ app/controllers/cats_controller.rb:7
  Rendering cats/show.html.erb within layouts/application
  Rendered cats/show.html.erb within layouts/application (1.8ms)
Completed 200 OK in 53ms (Views: 46.1ms | ActiveRecord: 3.0ms)


Started GET "/cats" for ::1 at 2020-10-12 12:08:18 -0700
Processing by CatsController#index as HTML
  Rendering cats/index.html.erb within layouts/application
  [1m[36mCat Load (3.7ms)[0m  [1m[34mSELECT "cats".* FROM "cats"[0m
  ↳ app/views/cats/index.html.erb:4
  Rendered cats/index.html.erb within layouts/application (6.4ms)
Completed 200 OK in 57ms (Views: 51.4ms | ActiveRecord: 3.7ms)


Started GET "/cats" for ::1 at 2020-10-12 12:55:19 -0700
Processing by CatsController#index as HTML
  Rendering cats/index.html.erb within layouts/application
  [1m[36mCat Load (2.3ms)[0m  [1m[34mSELECT "cats".* FROM "cats"[0m
  ↳ app/views/cats/index.html.erb:4
  Rendered cats/index.html.erb within layouts/application (3.9ms)
Completed 200 OK in 29ms (Views: 24.4ms | ActiveRecord: 2.3ms)


Started GET "/cats/2" for ::1 at 2020-10-12 12:55:22 -0700
Processing by CatsController#show as HTML
  Parameters: {"id"=>"2"}
  [1m[36mCat Load (7.0ms)[0m  [1m[34mSELECT  "cats".* FROM "cats" WHERE "cats"."id" = $1 LIMIT $2[0m  [["id", 2], ["LIMIT", 1]]
  ↳ app/controllers/cats_controller.rb:7
  Rendering cats/show.html.erb within layouts/application
  Rendered cats/show.html.erb within layouts/application (0.8ms)
Completed 200 OK in 58ms (Views: 41.5ms | ActiveRecord: 8.4ms)


Started GET "/cats" for ::1 at 2020-10-12 12:55:35 -0700
Processing by CatsController#index as HTML
  Rendering cats/index.html.erb within layouts/application
  [1m[36mCat Load (1.8ms)[0m  [1m[34mSELECT "cats".* FROM "cats"[0m
  ↳ app/views/cats/index.html.erb:4
  Rendered cats/index.html.erb within layouts/application (4.6ms)
Completed 200 OK in 48ms (Views: 44.0ms | ActiveRecord: 1.8ms)


Started GET "/" for ::1 at 2020-10-12 13:10:58 -0700

SyntaxError - syntax error, unexpected ':', expecting `end'
  before_action: :find_cat, only: [:show, :ed...
               ^:
  app/controllers/cats_controller.rb:2:in `'

Started POST "/__better_errors/cd168553d71b4653/variables" for ::1 at 2020-10-12 13:10:59 -0700
Started GET "/" for ::1 at 2020-10-12 13:11:24 -0700
Processing by CatsController#index as HTML
  Rendering cats/index.html.erb within layouts/application
  [1m[36mCat Load (0.9ms)[0m  [1m[34mSELECT "cats".* FROM "cats"[0m
  ↳ app/views/cats/index.html.erb:4
  Rendered cats/index.html.erb within layouts/application (18.4ms)
Completed 200 OK in 49ms (Views: 34.1ms | ActiveRecord: 10.6ms)


Started GET "/cats/new" for ::1 at 2020-10-12 13:11:25 -0700
Processing by CatsController#new as HTML
  Rendering cats/new.html.erb within layouts/application
  Rendered cats/new.html.erb within layouts/application (7.8ms)
Completed 500 Internal Server Error in 16ms (ActiveRecord: 0.0ms)



ArgumentError - ':form' is not an ActiveModel-compatible object. It must implement :to_partial_path.:
  app/views/cats/new.html.erb:3:in `_app_views_cats_new_html_erb__3082150861554608440_20580'

Started POST "/__better_errors/10f962c1c5e6db50/variables" for ::1 at 2020-10-12 13:11:26 -0700
Started GET "/cats/new" for ::1 at 2020-10-12 13:11:45 -0700
Processing by CatsController#new as HTML
  Rendering cats/new.html.erb within layouts/application
  Rendered cats/_form.html.erb (4.0ms)
  Rendered cats/new.html.erb within layouts/application (6.1ms)
Completed 500 Internal Server Error in 11ms (ActiveRecord: 0.0ms)



SyntaxError - syntax error, unexpected `true', expecting `do' or '{' or '('
...d=  form_with(:cat, remote true) do |f| @output_buffer.safe_...
...                           ^~~~
/Users/aaronparisi/Desktop/CS/AppAcademy2020/Homeworks_aA/Rails/99CatsProject/NinetyNineCats/app/views/cats/_form.html.erb:33: syntax error, unexpected `ensure', expecting end-of-input
          ensure
          ^~~~~~:
  app/views/cats/_form.html.erb:1:in `'
  app/views/cats/new.html.erb:3:in `_app_views_cats_new_html_erb__3082150861554608440_20740'

Started POST "/__better_errors/a2233de53287ac4c/variables" for ::1 at 2020-10-12 13:11:45 -0700
Started GET "/cats/new" for ::1 at 2020-10-12 13:12:27 -0700
Processing by CatsController#new as HTML
  Rendering cats/new.html.erb within layouts/application
  Rendered cats/_form.html.erb (3.7ms)
  Rendered cats/new.html.erb within layouts/application (5.9ms)
Completed 500 Internal Server Error in 11ms (ActiveRecord: 0.0ms)



SyntaxError - syntax error, unexpected `true', expecting `do' or '{' or '('
...d=  form_with :cat, remote true do |f| @output_buffer.safe_a...
...                           ^~~~
/Users/aaronparisi/Desktop/CS/AppAcademy2020/Homeworks_aA/Rails/99CatsProject/NinetyNineCats/app/views/cats/_form.html.erb:33: syntax error, unexpected `ensure', expecting end-of-input
          ensure
          ^~~~~~:
  app/views/cats/_form.html.erb:1:in `'
  app/views/cats/new.html.erb:3:in `_app_views_cats_new_html_erb__3082150861554608440_20820'

Started POST "/__better_errors/8f0280e289756134/variables" for ::1 at 2020-10-12 13:12:27 -0700
Started GET "/cats/new" for ::1 at 2020-10-12 13:12:55 -0700
Processing by CatsController#new as HTML
  Rendering cats/new.html.erb within layouts/application
  Rendered cats/_form.html.erb (1.9ms)
  Rendered cats/new.html.erb within layouts/application (4.1ms)
Completed 500 Internal Server Error in 10ms (ActiveRecord: 0.0ms)



SyntaxError - syntax error, unexpected `true', expecting `do' or '{' or '('
...m_with model: :cat, remote true do |f| @output_buffer.safe_a...
...                           ^~~~
/Users/aaronparisi/Desktop/CS/AppAcademy2020/Homeworks_aA/Rails/99CatsProject/NinetyNineCats/app/views/cats/_form.html.erb:33: syntax error, unexpected `ensure', expecting end-of-input
          ensure
          ^~~~~~:
  app/views/cats/_form.html.erb:1:in `'
  app/views/cats/new.html.erb:3:in `_app_views_cats_new_html_erb__3082150861554608440_20920'

Started POST "/__better_errors/bc348db7608db006/variables" for ::1 at 2020-10-12 13:12:55 -0700
Started GET "/cats/new" for ::1 at 2020-10-12 13:13:07 -0700
Processing by CatsController#new as HTML
  Rendering cats/new.html.erb within layouts/application
  Rendered cats/_form.html.erb (6.3ms)
  Rendered cats/new.html.erb within layouts/application (8.0ms)
Completed 500 Internal Server Error in 17ms (ActiveRecord: 0.0ms)



ActionController::UrlGenerationError - No route matches {:action=>"show", :controller=>"cats", :format=>nil}, missing required keys: [:id]:
  app/views/cats/_form.html.erb:1:in `_app_views_cats__form_html_erb___33326012364807011_21040'
  app/views/cats/new.html.erb:3:in `_app_views_cats_new_html_erb__3082150861554608440_21020'

Started POST "/__better_errors/ba9fb2867a529965/variables" for ::1 at 2020-10-12 13:13:07 -0700
Started GET "/cats/new" for ::1 at 2020-10-12 13:13:16 -0700
Processing by CatsController#new as HTML
  Rendering cats/new.html.erb within layouts/application
  Rendered cats/_form.html.erb (103.9ms)
  Rendered cats/new.html.erb within layouts/application (105.1ms)
Completed 500 Internal Server Error in 108ms (ActiveRecord: 0.0ms)



ArgumentError - wrong number of arguments (given 3, expected 4..6):
  app/views/cats/_form.html.erb:20:in `block in _app_views_cats__form_html_erb___33326012364807011_21120'
  app/views/cats/_form.html.erb:1:in `_app_views_cats__form_html_erb___33326012364807011_21120'
  app/views/cats/new.html.erb:3:in `_app_views_cats_new_html_erb__3082150861554608440_21100'

Started POST "/__better_errors/8c79f0f52a82a9af/variables" for ::1 at 2020-10-12 13:13:16 -0700
Started GET "/cats/new" for ::1 at 2020-10-12 13:13:17 -0700
Processing by CatsController#new as HTML
  Rendering cats/new.html.erb within layouts/application
  Rendered cats/_form.html.erb (8.1ms)
  Rendered cats/new.html.erb within layouts/application (10.9ms)
Completed 500 Internal Server Error in 18ms (ActiveRecord: 0.0ms)



ArgumentError - wrong number of arguments (given 3, expected 4..6):
  app/views/cats/_form.html.erb:20:in `block in _app_views_cats__form_html_erb___33326012364807011_21200'
  app/views/cats/_form.html.erb:1:in `_app_views_cats__form_html_erb___33326012364807011_21200'
  app/views/cats/new.html.erb:3:in `_app_views_cats_new_html_erb__3082150861554608440_21180'

Started POST "/__better_errors/f341ad2510185664/variables" for ::1 at 2020-10-12 13:13:17 -0700
Started GET "/cats/new" for ::1 at 2020-10-12 13:14:47 -0700
Processing by CatsController#new as HTML
  Rendering cats/new.html.erb within layouts/application
  Rendered cats/_form.html.erb (127.0ms)
  Rendered cats/new.html.erb within layouts/application (128.9ms)
Completed 500 Internal Server Error in 135ms (ActiveRecord: 0.0ms)



NoMethodError - undefined method `textarea' for #<ActionView::Helpers::FormBuilder:0x00007ff19075f308>
Did you mean?  text_area:
  app/views/cats/_form.html.erb:25:in `block in _app_views_cats__form_html_erb___33326012364807011_21280'
  app/views/cats/_form.html.erb:1:in `_app_views_cats__form_html_erb___33326012364807011_21280'
  app/views/cats/new.html.erb:3:in `_app_views_cats_new_html_erb__3082150861554608440_21260'

Started POST "/__better_errors/50c22c23f46ab483/variables" for ::1 at 2020-10-12 13:14:48 -0700
Started GET "/cats/new" for ::1 at 2020-10-12 13:14:57 -0700
Processing by CatsController#new as HTML
  Rendering cats/new.html.erb within layouts/application
  Rendered cats/_form.html.erb (7.0ms)
  Rendered cats/new.html.erb within layouts/application (8.3ms)
Completed 200 OK in 30ms (Views: 28.6ms | ActiveRecord: 0.0ms)


Started GET "/cats/new" for ::1 at 2020-10-12 13:16:15 -0700
Processing by CatsController#new as HTML
  Rendering cats/new.html.erb within layouts/application
  Rendered cats/_form.html.erb (8.3ms)
  Rendered cats/new.html.erb within layouts/application (11.2ms)
Completed 200 OK in 43ms (Views: 40.9ms | ActiveRecord: 0.0ms)


Started GET "/cats/new" for ::1 at 2020-10-12 13:16:50 -0700
Processing by CatsController#new as HTML
  Rendering cats/new.html.erb within layouts/application
  Rendered cats/_form.html.erb (4.7ms)
  Rendered cats/new.html.erb within layouts/application (6.8ms)
Completed 200 OK in 35ms (Views: 32.9ms | ActiveRecord: 0.0ms)


Started POST "/cats" for ::1 at 2020-10-12 13:17:08 -0700
Processing by CatsController#create as JS
  Parameters: {"utf8"=>"✓", "authenticity_token"=>"D14kG6xnMuNtPloBjRRtHVZD45Tcb1KAMnbTE+XgByA8f5QMG1COA3rTbOGx34liBKoo1Aw9SNC09K2fdsW99w==", "cat"=>{"name"=>"M&M", "sex"=>"F", "birth_date"=>"", "color"=>"black", "description"=>""}, "commit"=>"Create Cat"}
  [1m[35m (0.2ms)[0m  [1m[35mBEGIN[0m
  ↳ app/controllers/cats_controller.rb:19
  [1m[35m (0.2ms)[0m  [1m[31mROLLBACK[0m
  ↳ app/controllers/cats_controller.rb:19
  Rendering cats/new.html.erb within layouts/application
  Rendered cats/_form.html.erb (2.3ms)
  Rendered cats/new.html.erb within layouts/application (8.1ms)
Completed 200 OK in 28ms (Views: 24.4ms | ActiveRecord: 0.4ms)


Started GET "/cats/new" for ::1 at 2020-10-12 13:18:41 -0700
Processing by CatsController#new as HTML
  Rendering cats/new.html.erb within layouts/application
  Rendered cats/_form.html.erb (5.5ms)
  Rendered cats/new.html.erb within layouts/application (7.3ms)
Completed 200 OK in 46ms (Views: 43.5ms | ActiveRecord: 0.0ms)


Started GET "/cats/new" for ::1 at 2020-10-12 13:20:03 -0700
Processing by CatsController#new as HTML
  Rendering cats/new.html.erb within layouts/application
  Rendered cats/_form.html.erb (9.0ms)
  Rendered cats/new.html.erb within layouts/application (10.8ms)
Completed 200 OK in 52ms (Views: 49.3ms | ActiveRecord: 0.0ms)


Started POST "/cats" for ::1 at 2020-10-12 13:20:19 -0700
Processing by CatsController#create as JS
  Parameters: {"utf8"=>"✓", "authenticity_token"=>"mModYlcmEM/Mr39rfhS9DIzfXdHx5UoA5U/ZuYHYgWWr66114BGsL9tCSYtC31lz3jaWkSG3UFBjzac1Ev07sg==", "cat"=>{"name"=>"Bob", "sex"=>"M", "birth_date"=>"2018-12-31", "color"=>"black", "description"=>"Cutie"}, "commit"=>"Create Cat"}
  [1m[35m (0.2ms)[0m  [1m[35mBEGIN[0m
  ↳ app/controllers/cats_controller.rb:19
  [1m[36mCat Create (1.0ms)[0m  [1m[32mINSERT INTO "cats" ("birth_date", "color", "name", "sex", "description", "created_at", "updated_at") VALUES ($1, $2, $3, $4, $5, $6, $7) RETURNING "id"[0m  [["birth_date", "2018-12-31"], ["color", "black"], ["name", "Bob"], ["sex", "M"], ["description", "Cutie"], ["created_at", "2020-10-12 20:20:19.982200"], ["updated_at", "2020-10-12 20:20:19.982200"]]
  ↳ app/controllers/cats_controller.rb:19
  [1m[35m (0.6ms)[0m  [1m[35mCOMMIT[0m
  ↳ app/controllers/cats_controller.rb:19
Redirected to http://localhost:3000/cats/3
Completed 200 OK in 6ms (ActiveRecord: 1.7ms)


Started GET "/cats/3" for ::1 at 2020-10-12 13:20:19 -0700
Processing by CatsController#show as HTML
  Parameters: {"id"=>"3"}
  [1m[36mCat Load (3.2ms)[0m  [1m[34mSELECT  "cats".* FROM "cats" WHERE "cats"."id" = $1 LIMIT $2[0m  [["id", 3], ["LIMIT", 1]]
  ↳ app/controllers/cats_controller.rb:49
  Rendering cats/show.html.erb within layouts/application
  Rendered cats/show.html.erb within layouts/application (1.7ms)
Completed 200 OK in 52ms (Views: 36.0ms | ActiveRecord: 8.3ms)


Started GET "/cats" for ::1 at 2020-10-12 13:20:21 -0700
Processing by CatsController#index as HTML
  Rendering cats/index.html.erb within layouts/application
  [1m[36mCat Load (2.4ms)[0m  [1m[34mSELECT "cats".* FROM "cats"[0m
  ↳ app/views/cats/index.html.erb:4
  Rendered cats/index.html.erb within layouts/application (4.3ms)
Completed 200 OK in 47ms (Views: 43.7ms | ActiveRecord: 2.4ms)


Started GET "/cats/3" for ::1 at 2020-10-12 13:20:23 -0700
Processing by CatsController#show as HTML
  Parameters: {"id"=>"3"}
  [1m[36mCat Load (5.1ms)[0m  [1m[34mSELECT  "cats".* FROM "cats" WHERE "cats"."id" = $1 LIMIT $2[0m  [["id", 3], ["LIMIT", 1]]
  ↳ app/controllers/cats_controller.rb:49
  Rendering cats/show.html.erb within layouts/application
  Rendered cats/show.html.erb within layouts/application (1.5ms)
Completed 200 OK in 55ms (Views: 45.5ms | ActiveRecord: 5.1ms)


Started GET "/cats" for ::1 at 2020-10-12 13:20:24 -0700
Processing by CatsController#index as HTML
  Rendering cats/index.html.erb within layouts/application
  [1m[36mCat Load (6.8ms)[0m  [1m[34mSELECT "cats".* FROM "cats"[0m
  ↳ app/views/cats/index.html.erb:4
  Rendered cats/index.html.erb within layouts/application (8.4ms)
Completed 200 OK in 61ms (Views: 53.3ms | ActiveRecord: 6.8ms)


Started GET "/cats/new" for ::1 at 2020-10-12 13:20:26 -0700
Processing by CatsController#new as HTML
  Rendering cats/new.html.erb within layouts/application
  Rendered cats/_form.html.erb (8.5ms)
  Rendered cats/new.html.erb within layouts/application (10.3ms)
Completed 200 OK in 55ms (Views: 53.9ms | ActiveRecord: 0.0ms)


Started GET "/cats/new" for ::1 at 2020-10-12 13:20:44 -0700
Processing by CatsController#new as HTML
  Rendering cats/new.html.erb within layouts/application
  Rendered cats/_form.html.erb (4.4ms)
  Rendered cats/new.html.erb within layouts/application (7.9ms)
Completed 200 OK in 45ms (Views: 41.1ms | ActiveRecord: 0.0ms)


Started GET "/" for ::1 at 2020-10-12 13:20:45 -0700
Processing by CatsController#index as HTML
  Rendering cats/index.html.erb within layouts/application
  [1m[36mCat Load (4.9ms)[0m  [1m[34mSELECT "cats".* FROM "cats"[0m
  ↳ app/views/cats/index.html.erb:4
  Rendered cats/index.html.erb within layouts/application (6.8ms)
Completed 200 OK in 36ms (Views: 28.5ms | ActiveRecord: 4.9ms)


Started GET "/cats/2" for ::1 at 2020-10-12 13:23:28 -0700
Processing by CatsController#show as HTML
  Parameters: {"id"=>"2"}
  [1m[36mCat Load (4.9ms)[0m  [1m[34mSELECT  "cats".* FROM "cats" WHERE "cats"."id" = $1 LIMIT $2[0m  [["id", 2], ["LIMIT", 1]]
  ↳ app/controllers/cats_controller.rb:49
  Rendering cats/show.html.erb within layouts/application
  Rendered cats/show.html.erb within layouts/application (1.3ms)
Completed 200 OK in 46ms (Views: 37.6ms | ActiveRecord: 4.9ms)


Started GET "/cats" for ::1 at 2020-10-12 13:23:29 -0700
Processing by CatsController#index as HTML
  Rendering cats/index.html.erb within layouts/application
  [1m[36mCat Load (3.0ms)[0m  [1m[34mSELECT "cats".* FROM "cats"[0m
  ↳ app/views/cats/index.html.erb:4
  Rendered cats/index.html.erb within layouts/application (6.3ms)
Completed 200 OK in 74ms (Views: 69.8ms | ActiveRecord: 3.0ms)


Started GET "/cats/3" for ::1 at 2020-10-12 13:23:30 -0700
Processing by CatsController#show as HTML
  Parameters: {"id"=>"3"}
  [1m[36mCat Load (4.5ms)[0m  [1m[34mSELECT  "cats".* FROM "cats" WHERE "cats"."id" = $1 LIMIT $2[0m  [["id", 3], ["LIMIT", 1]]
  ↳ app/controllers/cats_controller.rb:49
  Rendering cats/show.html.erb within layouts/application
  Rendered cats/show.html.erb within layouts/application (0.8ms)
Completed 200 OK in 72ms (Views: 61.4ms | ActiveRecord: 4.5ms)


Started GET "/cats" for ::1 at 2020-10-12 13:23:32 -0700
Processing by CatsController#index as HTML
  Rendering cats/index.html.erb within layouts/application
  [1m[36mCat Load (1.1ms)[0m  [1m[34mSELECT "cats".* FROM "cats"[0m
  ↳ app/views/cats/index.html.erb:4
  Rendered cats/index.html.erb within layouts/application (4.5ms)
Completed 200 OK in 55ms (Views: 51.8ms | ActiveRecord: 1.1ms)


Started GET "/cats/new" for ::1 at 2020-10-12 13:23:33 -0700
Processing by CatsController#new as HTML
  Rendering cats/new.html.erb within layouts/application
  Rendered cats/_form.html.erb (8.0ms)
  Rendered cats/new.html.erb within layouts/application (11.3ms)
Completed 200 OK in 46ms (Views: 43.3ms | ActiveRecord: 0.0ms)


Started GET "/" for ::1 at 2020-10-12 13:23:34 -0700
Processing by CatsController#index as HTML
  Rendering cats/index.html.erb within layouts/application
  [1m[36mCat Load (2.5ms)[0m  [1m[34mSELECT "cats".* FROM "cats"[0m
  ↳ app/views/cats/index.html.erb:4
  Rendered cats/index.html.erb within layouts/application (4.7ms)
Completed 200 OK in 53ms (Views: 48.0ms | ActiveRecord: 2.5ms)


